Info) VMD for LINUXAMD64, version 1.9.1 (February 1, 2012)
Info) http://www.ks.uiuc.edu/Research/vmd/                         
Info) Email questions and bug reports to vmd@ks.uiuc.edu           
Info) Please include this reference in published work using VMD:   
Info)    Humphrey, W., Dalke, A. and Schulten, K., `VMD - Visual   
Info)    Molecular Dynamics', J. Molec. Graphics 1996, 14.1, 33-38.
Info) -------------------------------------------------------------
Info) Multithreading available, 2 CPUs detected.
Info) Free system memory: 6488MB (86%)
Warning) Detected a mismatch between CUDA runtime and GPU driver
Warning) Check to make sure that GPU drivers are up to date.
Info) No CUDA accelerator devices available.
Info) Dynamically loaded 2 plugins in directory:
Info) /home/dale/opt/vmd/lib/vmd/plugins/LINUXAMD64/molfile
/home/dale/opt/vmd/lib/vmd
vmd > 1.6
deleted 0
psfgen) reading topology file top_all27_prot_lipid.rtf

psfgen) > CHARMM22 All-Hydrogen Topology File for Proteins and Lipids <<
psfgen) >>>>>> Includes phi, psi cross term map (CMAP) correction <<<<<<
psfgen) >>>>>>>>>>>>>>>>>>>>>>   July 2004    <<<<<<<<<<<<<<<<<<<<<<<<<<
psfgen)  All comments to ADM jr. via the CHARMM web site: www.charmm.org
psfgen)                parameter set discussion forum
psfgen) 
psfgen) Created by CHARMM version 31 1
psfgen) cross-term entries present in topology definitions
psfgen) aliasing residue HIS to HSE
psfgen) aliasing residue ILE atom CD1 to CD
psfgen) building segment PTN
psfgen) reading residues from pdb file noh.pdb
psfgen) extracted 364 residues from pdb file
psfgen) Info: generating structure...psfgen) Info: skipping improper N-C-CA-HN at beginning of segment.
psfgen) Info: skipping cross-term C-N-CA-C-N-CA-C-N at beginning of segment.
psfgen) Info: skipping conformation C-N-CA-C at beginning of segment.
psfgen) Info: skipping conformation C-CA-N-HN at beginning of segment.
psfgen) Info: skipping bond C-N at end of segment.
psfgen) Info: skipping improper C-CA-N-O at end of segment.
psfgen) Info: skipping cross-term C-N-CA-C-N-CA-C-N at end of segment.
psfgen) Info: skipping conformation CA-C-N-CA at end of segment.
psfgen) Info: skipping conformation N-CA-C-O at end of segment.
psfgen) Info: skipping conformation N-CA-C-N at end of segment.
segment complete.
psfgen) reading coordinates from pdb file noh.pdb for segment PTN
psfgen) Warning: failed to set coordinate for atom O	 PRO:367	  PTN
psfgen) Info: guessing coordinates for 2870 atoms (46 non-hydrogen)
psfgen) Warning: poorly guessed coordinates for 8 atoms (2 non-hydrogen):
psfgen) Warning: poorly guessed coordinate for atom HT1	 ILE:4	  PTN
psfgen) Warning: poorly guessed coordinate for atom HT2	 ILE:4	  PTN
psfgen) Warning: poorly guessed coordinate for atom HT3	 ILE:4	  PTN
psfgen) Warning: poorly guessed coordinate for atom HG2	 PRO:113	  PTN
psfgen) Warning: poorly guessed coordinate for atom HG2	 PRO:143	  PTN
psfgen) Warning: poorly guessed coordinate for atom HG2	 PRO:172	  PTN
psfgen) Warning: poorly guessed coordinate for atom OT1	 PRO:367	  PTN
psfgen) Warning: poorly guessed coordinate for atom OT2	 PRO:367	  PTN
psfgen) Info: writing pdb file vac.pdb
psfgen) Info: Atoms with guessed coordinates will have occupancy of 0.0.
psfgen) Info: pdb file complete.
psfgen) Info: writing psf file vac.psf
psfgen) total of 5615 atoms
psfgen) total of 5652 bonds
psfgen) total of 10283 angles
psfgen) total of 14998 dihedrals
psfgen) total of 942 impropers
psfgen) total of 362 cross-terms
psfgen) Info: psf file complete.
PTN:4 
PTN:367 
Info) VMD for LINUXAMD64, version 1.9.1 (February 1, 2012)
Info) Exiting normally.
